


ARM Macro Assembler    Page 1 


    1 00000000         ;/******************************************************
                       ************************
    2 00000000         ; * @file     startup_NUC472_442Series.s
    3 00000000         ; * @version  V1.00
    4 00000000         ; * $Revision: 2 $
    5 00000000         ; * $Date: 14/05/29 1:14p $ 
    6 00000000         ; * @brief    CMSIS ARM Cortex-M4 Core Device Startup Fi
                       le
    7 00000000         ; *
    8 00000000         ; * @note
    9 00000000         ; * Copyright (C) 2013 Nuvoton Technology Corp. All righ
                       ts reserved.
   10 00000000         ;*******************************************************
                       **********************/  
   11 00000000         ;/*
   12 00000000         ;//-------- <<< Use Configuration Wizard in Context Menu
                        >>> ------------------
   13 00000000         ;*/
   14 00000000         
   15 00000000         
   16 00000000         ; <h> Stack Configuration
   17 00000000         ;   <o> Stack Size (in Bytes) <0x0-0xFFFFFFFF:8>
   18 00000000         ; </h>
   19 00000000         
   20 00000000 00001000 
                       Stack_Size
                               EQU              0x00001000
   21 00000000         
   22 00000000                 AREA             STACK, NOINIT, READWRITE, ALIGN
=3
   23 00000000         Stack_Mem
                               SPACE            Stack_Size
   24 00001000         __initial_sp
   25 00001000         
   26 00001000         
   27 00001000         ; <h> Heap Configuration
   28 00001000         ;   <o>  Heap Size (in Bytes) <0x0-0xFFFFFFFF:8>
   29 00001000         ; </h>
   30 00001000         
   31 00001000         
   32 00001000 00001C50 
                       Heap_Size
                               EQU              0x00001C50
   33 00001000         
   34 00001000                 AREA             HEAP, NOINIT, READWRITE, ALIGN=
3
   35 00000000         __heap_base
   36 00000000         Heap_Mem
                               SPACE            Heap_Size
   37 00001C50         __heap_limit
   38 00001C50         
   39 00001C50         
   40 00001C50                 PRESERVE8
   41 00001C50                 THUMB
   42 00001C50         
   43 00001C50         
   44 00001C50         ; Vector Table Mapped to Address 0 at Reset
   45 00001C50         
   46 00001C50                 AREA             RESET, DATA, READONLY



ARM Macro Assembler    Page 2 


   47 00000000                 EXPORT           __Vectors
   48 00000000                 EXPORT           __Vectors_End
   49 00000000                 EXPORT           __Vectors_Size
   50 00000000         
   51 00000000 00000000 
                       __Vectors
                               DCD              __initial_sp ; Top of Stack
   52 00000004 00000000        DCD              Reset_Handler ; Reset Handler
   53 00000008 00000000        DCD              NMI_Handler ; NMI Handler
   54 0000000C 00000000        DCD              HardFault_Handler ; Hard Fault 
                                                            Handler
   55 00000010 00000000        DCD              MemManage_Handler 
                                                            ; MPU Fault Handler
                                                            
   56 00000014 00000000        DCD              BusFault_Handler 
                                                            ; Bus Fault Handler
                                                            
   57 00000018 00000000        DCD              UsageFault_Handler ; Usage Faul
                                                            t Handler
   58 0000001C 00000000        DCD              0           ; Reserved
   59 00000020 00000000        DCD              0           ; Reserved
   60 00000024 00000000        DCD              0           ; Reserved
   61 00000028 00000000        DCD              0           ; Reserved
   62 0000002C 00000000        DCD              SVC_Handler ; SVCall Handler
   63 00000030 00000000        DCD              DebugMon_Handler ; Debug Monito
                                                            r Handler
   64 00000034 00000000        DCD              0           ; Reserved
   65 00000038 00000000        DCD              PendSV_Handler ; PendSV Handler
                                                            
   66 0000003C 00000000        DCD              SysTick_Handler 
                                                            ; SysTick Handler
   67 00000040         
   68 00000040         ; External Interrupts
   69 00000040 00000000        DCD              BOD_IRQHandler ; 0: Brown Out d
                                                            etection
   70 00000044 00000000        DCD              IRC_IRQHandler ; 1: Internal RC
                                                            
   71 00000048 00000000        DCD              PWRWU_IRQHandler ; 2: Power Dow
                                                            n Wake Up 
   72 0000004C 00000000        DCD              SRAMF_IRQHandler ; 3: Reserved.
                                                            
   73 00000050 00000000        DCD              CLKF_IRQHandler ; 4: CLKF
   74 00000054 00000000        DCD              Default_Handler ; 5: Reserved.
   75 00000058 00000000        DCD              RTC_IRQHandler ; 6: Real Time C
                                                            lock 
   76 0000005C 00000000        DCD              TAMPER_IRQHandler ; 7: Tamper d
                                                            etection
   77 00000060 00000000        DCD              EINT0_IRQHandler ; 8: External 
                                                            Input 0
   78 00000064 00000000        DCD              EINT1_IRQHandler ; 9: External 
                                                            Input 1
   79 00000068 00000000        DCD              EINT2_IRQHandler ; 10: External
                                                             Input 2
   80 0000006C 00000000        DCD              EINT3_IRQHandler ; 11: External
                                                             Input 3
   81 00000070 00000000        DCD              EINT4_IRQHandler ; 12: External
                                                             Input 4
   82 00000074 00000000        DCD              EINT5_IRQHandler ; 13: External
                                                             Input 5



ARM Macro Assembler    Page 3 


   83 00000078 00000000        DCD              EINT6_IRQHandler ; 14: External
                                                             Input 6
   84 0000007C 00000000        DCD              EINT7_IRQHandler ; 15: External
                                                             Input 7 
   85 00000080 00000000        DCD              GPA_IRQHandler 
                                                            ; 16: GPIO Port A
   86 00000084 00000000        DCD              GPB_IRQHandler 
                                                            ; 17: GPIO Port B
   87 00000088 00000000        DCD              GPC_IRQHandler 
                                                            ; 18: GPIO Port C
   88 0000008C 00000000        DCD              GPD_IRQHandler 
                                                            ; 19: GPIO Port D
   89 00000090 00000000        DCD              GPE_IRQHandler 
                                                            ; 20: GPIO Port E
   90 00000094 00000000        DCD              GPF_IRQHandler 
                                                            ; 21: GPIO Port F
   91 00000098 00000000        DCD              GPG_IRQHandler 
                                                            ; 22: GPIO Port G
   92 0000009C 00000000        DCD              GPH_IRQHandler 
                                                            ; 23: GPIO Port H
   93 000000A0 00000000        DCD              GPI_IRQHandler 
                                                            ; 24: GPIO Port I
   94 000000A4 00000000        DCD              Default_Handler ; 25: Reserved.
                                                            
   95 000000A8 00000000        DCD              Default_Handler ; 26: Reserved.
                                                            
   96 000000AC 00000000        DCD              Default_Handler ; 27: Reserved.
                                                            
   97 000000B0 00000000        DCD              Default_Handler ; 28: Reserved.
                                                            
   98 000000B4 00000000        DCD              Default_Handler ; 29: Reserved.
                                                            
   99 000000B8 00000000        DCD              Default_Handler ; 30: Reserved.
                                                            
  100 000000BC 00000000        DCD              Default_Handler ; 31: Reserved.
                                                            
  101 000000C0 00000000        DCD              TMR0_IRQHandler ; 32: Timer 0
  102 000000C4 00000000        DCD              TMR1_IRQHandler ; 33: Timer 1
  103 000000C8 00000000        DCD              TMR2_IRQHandler ; 34: Timer 2
  104 000000CC 00000000        DCD              TMR3_IRQHandler ; 35: Timer 3
  105 000000D0 00000000        DCD              Default_Handler ; 36: Reserved.
                                                            
  106 000000D4 00000000        DCD              Default_Handler ; 37: Reserved.
                                                            
  107 000000D8 00000000        DCD              Default_Handler ; 38: Reserved.
                                                            
  108 000000DC 00000000        DCD              Default_Handler ; 39: Reserved.
                                                            
  109 000000E0 00000000        DCD              PDMA_IRQHandler ; 40: Periphera
                                                            l DMA
  110 000000E4 00000000        DCD              Default_Handler ; 41: Reserved.
                                                            
  111 000000E8 00000000        DCD              ADC_IRQHandler ; 42: ADC
  112 000000EC 00000000        DCD              Default_Handler ; 43: Reserved.
                                                            
  113 000000F0 00000000        DCD              Default_Handler ; 44: Reserved.
                                                            
  114 000000F4 00000000        DCD              Default_Handler ; 45: Reserved.
                                                            



ARM Macro Assembler    Page 4 


  115 000000F8 00000000        DCD              WDT_IRQHandler ; 46: Watch Dog 
                                                            Timer
  116 000000FC 00000000        DCD              WWDT_IRQHandler ; 47: Window Wa
                                                            tch Dog Timer
  117 00000100 00000000        DCD              EADC0_IRQHandler ; 48: EDAC 0
  118 00000104 00000000        DCD              EADC1_IRQHandler ; 49: EDAC 1
  119 00000108 00000000        DCD              EADC2_IRQHandler ; 50: EDAC 2
  120 0000010C 00000000        DCD              EADC3_IRQHandler ; 51: EDAC 3
  121 00000110 00000000        DCD              Default_Handler ; 52: Reserved.
                                                            
  122 00000114 00000000        DCD              Default_Handler ; 53: Reserved.
                                                            
  123 00000118 00000000        DCD              Default_Handler ; 54: Reserved.
                                                            
  124 0000011C 00000000        DCD              Default_Handler ; 55: Reserved.
                                                            
  125 00000120 00000000        DCD              ACMP_IRQHandler ; 56: Analog Co
                                                            mparator
  126 00000124 00000000        DCD              Default_Handler ; 57: Reserved.
                                                            
  127 00000128 00000000        DCD              Default_Handler ; 58: Reserved.
                                                            
  128 0000012C 00000000        DCD              Default_Handler ; 59: Reserved.
                                                            
  129 00000130 00000000        DCD              OPA0_IRQHandler ; 60: OPA 0
  130 00000134 00000000        DCD              OPA1_IRQHandler ; 61: OPA 1
  131 00000138 00000000        DCD              ICAP0_IRQHandler ; 62: ICAP 0
  132 0000013C 00000000        DCD              ICAP1_IRQHandler ; 63: ICAP 1
  133 00000140 00000000        DCD              PWM0CH0_IRQHandler 
                                                            ; 64: PWM0 CH0
  134 00000144 00000000        DCD              PWM0CH1_IRQHandler 
                                                            ; 65: PWM0 CH1
  135 00000148 00000000        DCD              PWM0CH2_IRQHandler 
                                                            ; 66: PWM0 CH2
  136 0000014C 00000000        DCD              PWM0CH3_IRQHandler 
                                                            ; 67: PWM0 CH3
  137 00000150 00000000        DCD              PWM0CH4_IRQHandler 
                                                            ; 68: PWM0 CH4
  138 00000154 00000000        DCD              PWM0CH5_IRQHandler 
                                                            ; 69: PWM0 CH5
  139 00000158 00000000        DCD              PWM0_BRK_IRQHandler 
                                                            ; 70: PWM0 Break
  140 0000015C 00000000        DCD              QEI0_IRQHandler ; 71: QEI 0
  141 00000160 00000000        DCD              PWM1CH0_IRQHandler 
                                                            ; 72: PWM1 CH0
  142 00000164 00000000        DCD              PWM1CH1_IRQHandler 
                                                            ; 73: PWM1 CH1
  143 00000168 00000000        DCD              PWM1CH2_IRQHandler 
                                                            ; 74: PWM1 CH2
  144 0000016C 00000000        DCD              PWM1CH3_IRQHandler 
                                                            ; 75: PWM1 CH3
  145 00000170 00000000        DCD              PWM1CH4_IRQHandler 
                                                            ; 76: PWM1 CH4
  146 00000174 00000000        DCD              PWM1CH5_IRQHandler 
                                                            ; 77: PWM1 CH5
  147 00000178 00000000        DCD              PWM1_BRK_IRQHandler 
                                                            ; 78: PWM1 Break
  148 0000017C 00000000        DCD              QEI1_IRQHandler ; 79: QEI 1
  149 00000180 00000000        DCD              EPWM0_IRQHandler ; 80: EPWM0



ARM Macro Assembler    Page 5 


  150 00000184 00000000        DCD              EPWM0BRK_IRQHandler 
                                                            ; 81: EPWM0 Break
  151 00000188 00000000        DCD              EPWM1_IRQHandler ; 82: EPWM1
  152 0000018C 00000000        DCD              EPWM1BRK_IRQHandler 
                                                            ; 83: EPWM1 Break
  153 00000190 00000000        DCD              Default_Handler ; 84: Reserved.
                                                            
  154 00000194 00000000        DCD              Default_Handler ; 85: Reserved.
                                                            
  155 00000198 00000000        DCD              Default_Handler ; 86: Reserved.
                                                            
  156 0000019C 00000000        DCD              Default_Handler ; 87: Reserved.
                                                            
  157 000001A0 00000000        DCD              USBD_IRQHandler 
                                                            ; 88: USB Device
  158 000001A4 00000000        DCD              USBH_IRQHandler ; 89: USB Host
  159 000001A8 00000000        DCD              USB_OTG_IRQHandler 
                                                            ; 90: USB OTG
  160 000001AC 00000000        DCD              Default_Handler ; 91: Reserved.
                                                            
  161 000001B0 00000000        DCD              EMAC_TX_IRQHandler ; 92: Ethern
                                                            et MAC TX
  162 000001B4 00000000        DCD              EMAC_RX_IRQHandler ; 93: Ethern
                                                            et MAC RX
  163 000001B8 00000000        DCD              Default_Handler ; 94: Reserved.
                                                            
  164 000001BC 00000000        DCD              Default_Handler ; 95: Reserved.
                                                            
  165 000001C0 00000000        DCD              SPI0_IRQHandler ; 96: SPI 0
  166 000001C4 00000000        DCD              SPI1_IRQHandler ; 97: SPI 1
  167 000001C8 00000000        DCD              SPI2_IRQHandler ; 98: SPI 2
  168 000001CC 00000000        DCD              SPI3_IRQHandler ; 99: SPI 3
  169 000001D0 00000000        DCD              Default_Handler 
                                                            ; 100: Reserved.
  170 000001D4 00000000        DCD              Default_Handler 
                                                            ; 101: Reserved.
  171 000001D8 00000000        DCD              Default_Handler 
                                                            ; 102: Reserved.
  172 000001DC 00000000        DCD              Default_Handler 
                                                            ; 103: Reserved.
  173 000001E0 00000000        DCD              UART0_IRQHandler ; 104: UART 0
  174 000001E4 00000000        DCD              UART1_IRQHandler ; 105: UART 1
  175 000001E8 00000000        DCD              UART2_IRQHandler ; 106: UART 2
  176 000001EC 00000000        DCD              UART3_IRQHandler ; 107: UART 3
  177 000001F0 00000000        DCD              UART4_IRQHandler ; 108: UART 4
  178 000001F4 00000000        DCD              UART5_IRQHandler ; 109: UART 5
  179 000001F8 00000000        DCD              Default_Handler 
                                                            ; 110: Reserved.
  180 000001FC 00000000        DCD              Default_Handler 
                                                            ; 111: Reserved.
  181 00000200 00000000        DCD              I2C0_IRQHandler ; 112: I2C 0
  182 00000204 00000000        DCD              I2C1_IRQHandler ; 113: I2C 1
  183 00000208 00000000        DCD              I2C2_IRQHandler ; 114: I2C 2
  184 0000020C 00000000        DCD              I2C3_IRQHandler ; 115: I2C 3
  185 00000210 00000000        DCD              I2C4_IRQHandler ; 116: I2C 4
  186 00000214 00000000        DCD              Default_Handler 
                                                            ; 117: Reserved.
  187 00000218 00000000        DCD              Default_Handler 
                                                            ; 118: Reserved.



ARM Macro Assembler    Page 6 


  188 0000021C 00000000        DCD              Default_Handler 
                                                            ; 119: Reserved.
  189 00000220 00000000        DCD              SC0_IRQHandler 
                                                            ; 120: Smart Card 0
                                                            
  190 00000224 00000000        DCD              SC1_IRQHandler 
                                                            ; 121: Smart Card 1
                                                            
  191 00000228 00000000        DCD              SC2_IRQHandler 
                                                            ; 122: Smart Card 2
                                                            
  192 0000022C 00000000        DCD              SC3_IRQHandler 
                                                            ; 123: Smart Card 3
                                                            
  193 00000230 00000000        DCD              SC4_IRQHandler 
                                                            ; 124: Smart Card 4
                                                            
  194 00000234 00000000        DCD              SC5_IRQHandler 
                                                            ; 125: Smart Card 5
                                                            
  195 00000238 00000000        DCD              Default_Handler 
                                                            ; 126: Reserved.
  196 0000023C 00000000        DCD              Default_Handler 
                                                            ; 127: Reserved.
  197 00000240 00000000        DCD              CAN0_IRQHandler ; 128: CAN 0
  198 00000244 00000000        DCD              CAN1_IRQHandler ; 129: CAN 1
  199 00000248 00000000        DCD              Default_Handler 
                                                            ; 130: Reserved.
  200 0000024C 00000000        DCD              Default_Handler 
                                                            ; 131: Reserved.
  201 00000250 00000000        DCD              I2S0_IRQHandler ; 132: I2S 0
  202 00000254 00000000        DCD              I2S1_IRQHandler ; 133: I2S 1
  203 00000258 00000000        DCD              Default_Handler 
                                                            ; 134: Reserved.
  204 0000025C 00000000        DCD              Default_Handler 
                                                            ; 135: Reserved.
  205 00000260 00000000        DCD              SD_IRQHandler ; 136: SD card
  206 00000264 00000000        DCD              Default_Handler 
                                                            ; 137: Reserved.
  207 00000268 00000000        DCD              PS2D_IRQHandler 
                                                            ; 138: PS/2 device
  208 0000026C 00000000        DCD              CAP_IRQHandler ; 139: VIN
  209 00000270 00000000        DCD              CRYPTO_IRQHandler ; 140: CRYPTO
                                                            
  210 00000274 00000000        DCD              CRC_IRQHandler ; 141: CRC    
  211 00000278         
  212 00000278         __Vectors_End
  213 00000278         
  214 00000278 00000278 
                       __Vectors_Size
                               EQU              __Vectors_End - __Vectors
  215 00000278         
  216 00000278                 AREA             |.text|, CODE, READONLY
  217 00000000         
  218 00000000         
  219 00000000         ; Reset Handler
  220 00000000         
  221 00000000         Reset_Handler
                               PROC



ARM Macro Assembler    Page 7 


  222 00000000                 EXPORT           Reset_Handler             [WEAK
]
  223 00000000                 IMPORT           SystemInit
  224 00000000                 IMPORT           __main
  225 00000000         ; Unlock Register
  226 00000000 4811            LDR              R0, =0x40000100
  227 00000002 F04F 0159       LDR              R1, =0x59
  228 00000006 6001            STR              R1, [R0]
  229 00000008 F04F 0116       LDR              R1, =0x16
  230 0000000C 6001            STR              R1, [R0]
  231 0000000E F04F 0188       LDR              R1, =0x88
  232 00000012 6001            STR              R1, [R0]
  233 00000014         
  234 00000014         ; Init POR
  235 00000014 4A0D            LDR              R2, =0x40000024
  236 00000016 F645 21A5       LDR              R1, =0x00005AA5
  237 0000001A 6011            STR              R1, [R2]
  238 0000001C         
  239 0000001C         ; Lock register
  240 0000001C 2100            MOVS             R1, #0
  241 0000001E 6001            STR              R1, [R0]
  242 00000020         
  243 00000020 480B            LDR              R0, =SystemInit
  244 00000022 4780            BLX              R0
  245 00000024 480B            LDR              R0, =__main
  246 00000026 4700            BX               R0
  247 00000028                 ENDP
  248 00000028         
  249 00000028         
  250 00000028         ; Dummy Exception Handlers (infinite loops which can be 
                       modified)
  251 00000028         
  252 00000028         NMI_Handler
                               PROC
  253 00000028                 EXPORT           NMI_Handler               [WEAK
]
  254 00000028 E7FE            B                .
  255 0000002A                 ENDP
  257 0000002A         HardFault_Handler
                               PROC
  258 0000002A                 EXPORT           HardFault_Handler         [WEAK
]
  259 0000002A         
  260 0000002A                 IF               :DEF:DEBUG_ENABLE_SEMIHOST
  280                          ENDIF
  281 0000002A         
  282 0000002A E7FE            B                .
  283 0000002C                 ENDP
  285 0000002C         MemManage_Handler
                               PROC
  286 0000002C                 EXPORT           MemManage_Handler         [WEAK
]
  287 0000002C E7FE            B                .
  288 0000002E                 ENDP
  290 0000002E         BusFault_Handler
                               PROC
  291 0000002E                 EXPORT           BusFault_Handler          [WEAK
]
  292 0000002E E7FE            B                .



ARM Macro Assembler    Page 8 


  293 00000030                 ENDP
  295 00000030         UsageFault_Handler
                               PROC
  296 00000030                 EXPORT           UsageFault_Handler        [WEAK
]
  297 00000030 E7FE            B                .
  298 00000032                 ENDP
  299 00000032         SVC_Handler
                               PROC
  300 00000032                 EXPORT           SVC_Handler               [WEAK
]
  301 00000032 E7FE            B                .
  302 00000034                 ENDP
  304 00000034         DebugMon_Handler
                               PROC
  305 00000034                 EXPORT           DebugMon_Handler          [WEAK
]
  306 00000034 E7FE            B                .
  307 00000036                 ENDP
  309 00000036         PendSV_Handler
                               PROC
  310 00000036                 EXPORT           PendSV_Handler            [WEAK
]
  311 00000036 E7FE            B                .
  312 00000038                 ENDP
  314 00000038         SysTick_Handler
                               PROC
  315 00000038                 EXPORT           SysTick_Handler           [WEAK
]
  316 00000038 E7FE            B                .
  317 0000003A                 ENDP
  318 0000003A         
  319 0000003A         Default_Handler
                               PROC
  320 0000003A         
  321 0000003A                 EXPORT           BOD_IRQHandler            [WEAK
]
  322 0000003A                 EXPORT           IRC_IRQHandler            [WEAK
]
  323 0000003A                 EXPORT           PWRWU_IRQHandler          [WEAK
]
  324 0000003A                 EXPORT           SRAMF_IRQHandler          [WEAK
]
  325 0000003A                 EXPORT           CLKF_IRQHandler              [W
EAK]
  326 0000003A                 EXPORT           RTC_IRQHandler            [WEAK
]
  327 0000003A                 EXPORT           TAMPER_IRQHandler         [WEAK
]
  328 0000003A                 EXPORT           EINT0_IRQHandler          [WEAK
]
  329 0000003A                 EXPORT           EINT1_IRQHandler          [WEAK
]
  330 0000003A                 EXPORT           EINT2_IRQHandler          [WEAK
]
  331 0000003A                 EXPORT           EINT3_IRQHandler          [WEAK
]
  332 0000003A                 EXPORT           EINT4_IRQHandler          [WEAK
]



ARM Macro Assembler    Page 9 


  333 0000003A                 EXPORT           EINT5_IRQHandler          [WEAK
]
  334 0000003A                 EXPORT           EINT6_IRQHandler          [WEAK
]
  335 0000003A                 EXPORT           EINT7_IRQHandler          [WEAK
]
  336 0000003A                 EXPORT           GPA_IRQHandler            [WEAK
]
  337 0000003A                 EXPORT           GPB_IRQHandler            [WEAK
]
  338 0000003A                 EXPORT           GPC_IRQHandler            [WEAK
]
  339 0000003A                 EXPORT           GPD_IRQHandler            [WEAK
]
  340 0000003A                 EXPORT           GPE_IRQHandler            [WEAK
]
  341 0000003A                 EXPORT           GPF_IRQHandler            [WEAK
]
  342 0000003A                 EXPORT           GPG_IRQHandler            [WEAK
]
  343 0000003A                 EXPORT           GPH_IRQHandler            [WEAK
]
  344 0000003A                 EXPORT           GPI_IRQHandler            [WEAK
]
  345 0000003A                 EXPORT           TMR0_IRQHandler           [WEAK
]
  346 0000003A                 EXPORT           TMR1_IRQHandler           [WEAK
]
  347 0000003A                 EXPORT           TMR2_IRQHandler           [WEAK
]
  348 0000003A                 EXPORT           TMR3_IRQHandler           [WEAK
]
  349 0000003A                 EXPORT           PDMA_IRQHandler           [WEAK
]
  350 0000003A                 EXPORT           ADC_IRQHandler            [WEAK
]
  351 0000003A                 EXPORT           WDT_IRQHandler            [WEAK
]
  352 0000003A                 EXPORT           WWDT_IRQHandler           [WEAK
]
  353 0000003A                 EXPORT           EADC0_IRQHandler          [WEAK
]
  354 0000003A                 EXPORT           EADC1_IRQHandler          [WEAK
]
  355 0000003A                 EXPORT           EADC2_IRQHandler          [WEAK
]
  356 0000003A                 EXPORT           EADC3_IRQHandler          [WEAK
]
  357 0000003A                 EXPORT           ACMP_IRQHandler           [WEAK
]
  358 0000003A                 EXPORT           OPA0_IRQHandler           [WEAK
]
  359 0000003A                 EXPORT           OPA1_IRQHandler           [WEAK
]
  360 0000003A                 EXPORT           ICAP0_IRQHandler          [WEAK
]
  361 0000003A                 EXPORT           ICAP1_IRQHandler          [WEAK
]
  362 0000003A                 EXPORT           PWM0CH0_IRQHandler        [WEAK



ARM Macro Assembler    Page 10 


]
  363 0000003A                 EXPORT           PWM0CH1_IRQHandler        [WEAK
]
  364 0000003A                 EXPORT           PWM0CH2_IRQHandler        [WEAK
]
  365 0000003A                 EXPORT           PWM0CH3_IRQHandler        [WEAK
]
  366 0000003A                 EXPORT           PWM0CH4_IRQHandler        [WEAK
]
  367 0000003A                 EXPORT           PWM0CH5_IRQHandler        [WEAK
]
  368 0000003A                 EXPORT           PWM0_BRK_IRQHandler       [WEAK
]
  369 0000003A                 EXPORT           QEI0_IRQHandler           [WEAK
]
  370 0000003A                 EXPORT           PWM1CH0_IRQHandler        [WEAK
]
  371 0000003A                 EXPORT           PWM1CH1_IRQHandler        [WEAK
]
  372 0000003A                 EXPORT           PWM1CH2_IRQHandler        [WEAK
]
  373 0000003A                 EXPORT           PWM1CH3_IRQHandler        [WEAK
]
  374 0000003A                 EXPORT           PWM1CH4_IRQHandler        [WEAK
]
  375 0000003A                 EXPORT           PWM1CH5_IRQHandler        [WEAK
]
  376 0000003A                 EXPORT           PWM1_BRK_IRQHandler       [WEAK
]
  377 0000003A                 EXPORT           QEI1_IRQHandler           [WEAK
]
  378 0000003A                 EXPORT           EPWM0_IRQHandler          [WEAK
]
  379 0000003A                 EXPORT           EPWM0BRK_IRQHandler       [WEAK
]
  380 0000003A                 EXPORT           EPWM1_IRQHandler          [WEAK
]
  381 0000003A                 EXPORT           EPWM1BRK_IRQHandler       [WEAK
]
  382 0000003A                 EXPORT           USBD_IRQHandler           [WEAK
]
  383 0000003A                 EXPORT           USBH_IRQHandler           [WEAK
]
  384 0000003A                 EXPORT           USB_OTG_IRQHandler        [WEAK
]
  385 0000003A                 EXPORT           EMAC_TX_IRQHandler        [WEAK
]
  386 0000003A                 EXPORT           EMAC_RX_IRQHandler        [WEAK
]
  387 0000003A                 EXPORT           SPI0_IRQHandler           [WEAK
]
  388 0000003A                 EXPORT           SPI1_IRQHandler           [WEAK
]
  389 0000003A                 EXPORT           SPI2_IRQHandler           [WEAK
]
  390 0000003A                 EXPORT           SPI3_IRQHandler           [WEAK
]
  391 0000003A                 EXPORT           UART0_IRQHandler          [WEAK
]



ARM Macro Assembler    Page 11 


  392 0000003A                 EXPORT           UART1_IRQHandler          [WEAK
]
  393 0000003A                 EXPORT           UART2_IRQHandler          [WEAK
]
  394 0000003A                 EXPORT           UART3_IRQHandler          [WEAK
]
  395 0000003A                 EXPORT           UART4_IRQHandler          [WEAK
]
  396 0000003A                 EXPORT           UART5_IRQHandler          [WEAK
]
  397 0000003A                 EXPORT           I2C0_IRQHandler           [WEAK
]
  398 0000003A                 EXPORT           I2C1_IRQHandler           [WEAK
]
  399 0000003A                 EXPORT           I2C2_IRQHandler           [WEAK
]
  400 0000003A                 EXPORT           I2C3_IRQHandler           [WEAK
]
  401 0000003A                 EXPORT           I2C4_IRQHandler           [WEAK
]
  402 0000003A                 EXPORT           SC0_IRQHandler            [WEAK
]
  403 0000003A                 EXPORT           SC1_IRQHandler            [WEAK
]
  404 0000003A                 EXPORT           SC2_IRQHandler            [WEAK
]
  405 0000003A                 EXPORT           SC3_IRQHandler            [WEAK
]
  406 0000003A                 EXPORT           SC4_IRQHandler            [WEAK
]
  407 0000003A                 EXPORT           SC5_IRQHandler            [WEAK
]
  408 0000003A                 EXPORT           CAN0_IRQHandler           [WEAK
]
  409 0000003A                 EXPORT           CAN1_IRQHandler           [WEAK
]
  410 0000003A                 EXPORT           I2S0_IRQHandler           [WEAK
]
  411 0000003A                 EXPORT           I2S1_IRQHandler           [WEAK
]
  412 0000003A                 EXPORT           SD_IRQHandler             [WEAK
]
  413 0000003A                 EXPORT           PS2D_IRQHandler           [WEAK
]
  414 0000003A                 EXPORT           CAP_IRQHandler            [WEAK
]
  415 0000003A                 EXPORT           CRYPTO_IRQHandler         [WEAK
]
  416 0000003A                 EXPORT           CRC_IRQHandler            [WEAK
]
  417 0000003A         
  418 0000003A         Default__IRQHandler
  419 0000003A         BOD_IRQHandler
  420 0000003A         IRC_IRQHandler
  421 0000003A         PWRWU_IRQHandler
  422 0000003A         SRAMF_IRQHandler
  423 0000003A         CLKF_IRQHandler
  424 0000003A         RTC_IRQHandler
  425 0000003A         TAMPER_IRQHandler



ARM Macro Assembler    Page 12 


  426 0000003A         EINT0_IRQHandler
  427 0000003A         EINT1_IRQHandler
  428 0000003A         EINT2_IRQHandler
  429 0000003A         EINT3_IRQHandler
  430 0000003A         EINT4_IRQHandler
  431 0000003A         EINT5_IRQHandler
  432 0000003A         EINT6_IRQHandler
  433 0000003A         EINT7_IRQHandler
  434 0000003A         GPA_IRQHandler
  435 0000003A         GPB_IRQHandler
  436 0000003A         GPC_IRQHandler
  437 0000003A         GPD_IRQHandler
  438 0000003A         GPE_IRQHandler
  439 0000003A         GPF_IRQHandler
  440 0000003A         GPG_IRQHandler
  441 0000003A         GPH_IRQHandler
  442 0000003A         GPI_IRQHandler
  443 0000003A         TMR0_IRQHandler
  444 0000003A         TMR1_IRQHandler
  445 0000003A         TMR2_IRQHandler
  446 0000003A         TMR3_IRQHandler
  447 0000003A         PDMA_IRQHandler
  448 0000003A         ADC_IRQHandler
  449 0000003A         WDT_IRQHandler
  450 0000003A         WWDT_IRQHandler
  451 0000003A         EADC0_IRQHandler
  452 0000003A         EADC1_IRQHandler
  453 0000003A         EADC2_IRQHandler
  454 0000003A         EADC3_IRQHandler
  455 0000003A         ACMP_IRQHandler
  456 0000003A         OPA0_IRQHandler
  457 0000003A         OPA1_IRQHandler
  458 0000003A         ICAP0_IRQHandler
  459 0000003A         ICAP1_IRQHandler
  460 0000003A         PWM0CH0_IRQHandler
  461 0000003A         PWM0CH1_IRQHandler
  462 0000003A         PWM0CH2_IRQHandler
  463 0000003A         PWM0CH3_IRQHandler
  464 0000003A         PWM0CH4_IRQHandler
  465 0000003A         PWM0CH5_IRQHandler
  466 0000003A         PWM0_BRK_IRQHandler
  467 0000003A         QEI0_IRQHandler
  468 0000003A         PWM1CH0_IRQHandler
  469 0000003A         PWM1CH1_IRQHandler
  470 0000003A         PWM1CH2_IRQHandler
  471 0000003A         PWM1CH3_IRQHandler
  472 0000003A         PWM1CH4_IRQHandler
  473 0000003A         PWM1CH5_IRQHandler
  474 0000003A         PWM1_BRK_IRQHandler
  475 0000003A         QEI1_IRQHandler
  476 0000003A         EPWM0_IRQHandler
  477 0000003A         EPWM0BRK_IRQHandler
  478 0000003A         EPWM1_IRQHandler
  479 0000003A         EPWM1BRK_IRQHandler
  480 0000003A         USBD_IRQHandler
  481 0000003A         USBH_IRQHandler
  482 0000003A         USB_OTG_IRQHandler
  483 0000003A         EMAC_TX_IRQHandler
  484 0000003A         EMAC_RX_IRQHandler



ARM Macro Assembler    Page 13 


  485 0000003A         SPI0_IRQHandler
  486 0000003A         SPI1_IRQHandler
  487 0000003A         SPI2_IRQHandler
  488 0000003A         SPI3_IRQHandler
  489 0000003A         UART0_IRQHandler
  490 0000003A         UART1_IRQHandler
  491 0000003A         UART2_IRQHandler
  492 0000003A         UART3_IRQHandler
  493 0000003A         UART4_IRQHandler
  494 0000003A         UART5_IRQHandler
  495 0000003A         I2C0_IRQHandler
  496 0000003A         I2C1_IRQHandler
  497 0000003A         I2C2_IRQHandler
  498 0000003A         I2C3_IRQHandler
  499 0000003A         I2C4_IRQHandler
  500 0000003A         SC0_IRQHandler
  501 0000003A         SC1_IRQHandler
  502 0000003A         SC2_IRQHandler
  503 0000003A         SC3_IRQHandler
  504 0000003A         SC4_IRQHandler
  505 0000003A         SC5_IRQHandler
  506 0000003A         CAN0_IRQHandler
  507 0000003A         CAN1_IRQHandler
  508 0000003A         I2S0_IRQHandler
  509 0000003A         I2S1_IRQHandler
  510 0000003A         SD_IRQHandler
  511 0000003A         PS2D_IRQHandler
  512 0000003A         CAP_IRQHandler
  513 0000003A         CRYPTO_IRQHandler
  514 0000003A         CRC_IRQHandler
  515 0000003A         
  516 0000003A E7FE            B                .
  517 0000003C                 ENDP
  518 0000003C         
  519 0000003C         
  520 0000003C                 ALIGN
  521 0000003C         
  522 0000003C         
  523 0000003C         ; User Initial Stack & Heap
  524 0000003C         
  525 0000003C                 IF               :DEF:__MICROLIB
  532 0000003C         
  533 0000003C                 IMPORT           __use_two_region_memory
  534 0000003C                 EXPORT           __user_initial_stackheap
  535 0000003C         
  536 0000003C         __user_initial_stackheap
                               PROC
  537 0000003C 4806            LDR              R0, =  Heap_Mem
  538 0000003E 4907            LDR              R1, =(Stack_Mem + Stack_Size)
  539 00000040 4A07            LDR              R2, = (Heap_Mem +  Heap_Size)
  540 00000042 4B08            LDR              R3, = Stack_Mem
  541 00000044 4770            BX               LR
  542 00000046                 ENDP
  543 00000046         
  544 00000046 00 00           ALIGN
  545 00000048         
  546 00000048                 ENDIF
  547 00000048         
  548 00000048                 IF               :DEF:DEBUG_ENABLE_SEMIHOST



ARM Macro Assembler    Page 14 


  581                          ENDIF
  582 00000048         
  583 00000048                 END
              40000100 
              40000024 
              00000000 
              00000000 
              00000000 
              00001000 
              00001C50 
              00000000 
Command Line: --16 --debug --xref --cpu=Cortex-M4.fp --apcs=interwork --depend=
.\obj\startup_NUC472_442.d -o.\obj\startup_NUC472_442.o -IE:\Keil\ARM\INC -IE:\
Keil\ARM\INC\ARM --list=.\lst\startup_NUC472_442.lst ..\startup_NUC472_442.s



ARM Macro Assembler    Page 1 Alphabetic symbol ordering
Relocatable symbols

STACK 00000000

Symbol: STACK
   Definitions
      At line 22 in file ..\startup_NUC472_442.s
   Uses
      None
Comment: STACK unused
Stack_Mem 00000000

Symbol: Stack_Mem
   Definitions
      At line 23 in file ..\startup_NUC472_442.s
   Uses
      At line 538 in file ..\startup_NUC472_442.s
      At line 540 in file ..\startup_NUC472_442.s

__initial_sp 00001000

Symbol: __initial_sp
   Definitions
      At line 24 in file ..\startup_NUC472_442.s
   Uses
      At line 51 in file ..\startup_NUC472_442.s
Comment: __initial_sp used once
3 symbols



ARM Macro Assembler    Page 1 Alphabetic symbol ordering
Relocatable symbols

HEAP 00000000

Symbol: HEAP
   Definitions
      At line 34 in file ..\startup_NUC472_442.s
   Uses
      None
Comment: HEAP unused
Heap_Mem 00000000

Symbol: Heap_Mem
   Definitions
      At line 36 in file ..\startup_NUC472_442.s
   Uses
      At line 537 in file ..\startup_NUC472_442.s
      At line 539 in file ..\startup_NUC472_442.s

__heap_base 00000000

Symbol: __heap_base
   Definitions
      At line 35 in file ..\startup_NUC472_442.s
   Uses
      None
Comment: __heap_base unused
__heap_limit 00001C50

Symbol: __heap_limit
   Definitions
      At line 37 in file ..\startup_NUC472_442.s
   Uses
      None
Comment: __heap_limit unused
4 symbols



ARM Macro Assembler    Page 1 Alphabetic symbol ordering
Relocatable symbols

RESET 00000000

Symbol: RESET
   Definitions
      At line 46 in file ..\startup_NUC472_442.s
   Uses
      None
Comment: RESET unused
__Vectors 00000000

Symbol: __Vectors
   Definitions
      At line 51 in file ..\startup_NUC472_442.s
   Uses
      At line 47 in file ..\startup_NUC472_442.s
      At line 214 in file ..\startup_NUC472_442.s

__Vectors_End 00000278

Symbol: __Vectors_End
   Definitions
      At line 212 in file ..\startup_NUC472_442.s
   Uses
      At line 48 in file ..\startup_NUC472_442.s
      At line 214 in file ..\startup_NUC472_442.s

3 symbols



ARM Macro Assembler    Page 1 Alphabetic symbol ordering
Relocatable symbols

.text 00000000

Symbol: .text
   Definitions
      At line 216 in file ..\startup_NUC472_442.s
   Uses
      None
Comment: .text unused
ACMP_IRQHandler 0000003A

Symbol: ACMP_IRQHandler
   Definitions
      At line 455 in file ..\startup_NUC472_442.s
   Uses
      At line 125 in file ..\startup_NUC472_442.s
      At line 357 in file ..\startup_NUC472_442.s

ADC_IRQHandler 0000003A

Symbol: ADC_IRQHandler
   Definitions
      At line 448 in file ..\startup_NUC472_442.s
   Uses
      At line 111 in file ..\startup_NUC472_442.s
      At line 350 in file ..\startup_NUC472_442.s

BOD_IRQHandler 0000003A

Symbol: BOD_IRQHandler
   Definitions
      At line 419 in file ..\startup_NUC472_442.s
   Uses
      At line 69 in file ..\startup_NUC472_442.s
      At line 321 in file ..\startup_NUC472_442.s

BusFault_Handler 0000002E

Symbol: BusFault_Handler
   Definitions
      At line 290 in file ..\startup_NUC472_442.s
   Uses
      At line 56 in file ..\startup_NUC472_442.s
      At line 291 in file ..\startup_NUC472_442.s

CAN0_IRQHandler 0000003A

Symbol: CAN0_IRQHandler
   Definitions
      At line 506 in file ..\startup_NUC472_442.s
   Uses
      At line 197 in file ..\startup_NUC472_442.s
      At line 408 in file ..\startup_NUC472_442.s

CAN1_IRQHandler 0000003A

Symbol: CAN1_IRQHandler
   Definitions
      At line 507 in file ..\startup_NUC472_442.s
   Uses



ARM Macro Assembler    Page 2 Alphabetic symbol ordering
Relocatable symbols

      At line 198 in file ..\startup_NUC472_442.s
      At line 409 in file ..\startup_NUC472_442.s

CAP_IRQHandler 0000003A

Symbol: CAP_IRQHandler
   Definitions
      At line 512 in file ..\startup_NUC472_442.s
   Uses
      At line 208 in file ..\startup_NUC472_442.s
      At line 414 in file ..\startup_NUC472_442.s

CLKF_IRQHandler 0000003A

Symbol: CLKF_IRQHandler
   Definitions
      At line 423 in file ..\startup_NUC472_442.s
   Uses
      At line 73 in file ..\startup_NUC472_442.s
      At line 325 in file ..\startup_NUC472_442.s

CRC_IRQHandler 0000003A

Symbol: CRC_IRQHandler
   Definitions
      At line 514 in file ..\startup_NUC472_442.s
   Uses
      At line 210 in file ..\startup_NUC472_442.s
      At line 416 in file ..\startup_NUC472_442.s

CRYPTO_IRQHandler 0000003A

Symbol: CRYPTO_IRQHandler
   Definitions
      At line 513 in file ..\startup_NUC472_442.s
   Uses
      At line 209 in file ..\startup_NUC472_442.s
      At line 415 in file ..\startup_NUC472_442.s

DebugMon_Handler 00000034

Symbol: DebugMon_Handler
   Definitions
      At line 304 in file ..\startup_NUC472_442.s
   Uses
      At line 63 in file ..\startup_NUC472_442.s
      At line 305 in file ..\startup_NUC472_442.s

Default_Handler 0000003A

Symbol: Default_Handler
   Definitions
      At line 319 in file ..\startup_NUC472_442.s
   Uses
      At line 74 in file ..\startup_NUC472_442.s
      At line 94 in file ..\startup_NUC472_442.s
      At line 95 in file ..\startup_NUC472_442.s
      At line 96 in file ..\startup_NUC472_442.s
      At line 97 in file ..\startup_NUC472_442.s



ARM Macro Assembler    Page 3 Alphabetic symbol ordering
Relocatable symbols

      At line 98 in file ..\startup_NUC472_442.s
      At line 99 in file ..\startup_NUC472_442.s
      At line 100 in file ..\startup_NUC472_442.s
      At line 105 in file ..\startup_NUC472_442.s
      At line 106 in file ..\startup_NUC472_442.s
      At line 107 in file ..\startup_NUC472_442.s
      At line 108 in file ..\startup_NUC472_442.s
      At line 110 in file ..\startup_NUC472_442.s
      At line 112 in file ..\startup_NUC472_442.s
      At line 113 in file ..\startup_NUC472_442.s
      At line 114 in file ..\startup_NUC472_442.s
      At line 121 in file ..\startup_NUC472_442.s
      At line 122 in file ..\startup_NUC472_442.s
      At line 123 in file ..\startup_NUC472_442.s
      At line 124 in file ..\startup_NUC472_442.s
      At line 126 in file ..\startup_NUC472_442.s
      At line 127 in file ..\startup_NUC472_442.s
      At line 128 in file ..\startup_NUC472_442.s
      At line 153 in file ..\startup_NUC472_442.s
      At line 154 in file ..\startup_NUC472_442.s
      At line 155 in file ..\startup_NUC472_442.s
      At line 156 in file ..\startup_NUC472_442.s
      At line 160 in file ..\startup_NUC472_442.s
      At line 163 in file ..\startup_NUC472_442.s
      At line 164 in file ..\startup_NUC472_442.s
      At line 169 in file ..\startup_NUC472_442.s
      At line 170 in file ..\startup_NUC472_442.s
      At line 171 in file ..\startup_NUC472_442.s
      At line 172 in file ..\startup_NUC472_442.s
      At line 179 in file ..\startup_NUC472_442.s
      At line 180 in file ..\startup_NUC472_442.s
      At line 186 in file ..\startup_NUC472_442.s
      At line 187 in file ..\startup_NUC472_442.s
      At line 188 in file ..\startup_NUC472_442.s
      At line 195 in file ..\startup_NUC472_442.s
      At line 196 in file ..\startup_NUC472_442.s
      At line 199 in file ..\startup_NUC472_442.s
      At line 200 in file ..\startup_NUC472_442.s
      At line 203 in file ..\startup_NUC472_442.s
      At line 204 in file ..\startup_NUC472_442.s
      At line 206 in file ..\startup_NUC472_442.s

Default__IRQHandler 0000003A

Symbol: Default__IRQHandler
   Definitions
      At line 418 in file ..\startup_NUC472_442.s
   Uses
      None
Comment: Default__IRQHandler unused
EADC0_IRQHandler 0000003A

Symbol: EADC0_IRQHandler
   Definitions
      At line 451 in file ..\startup_NUC472_442.s
   Uses
      At line 117 in file ..\startup_NUC472_442.s
      At line 353 in file ..\startup_NUC472_442.s




ARM Macro Assembler    Page 4 Alphabetic symbol ordering
Relocatable symbols

EADC1_IRQHandler 0000003A

Symbol: EADC1_IRQHandler
   Definitions
      At line 452 in file ..\startup_NUC472_442.s
   Uses
      At line 118 in file ..\startup_NUC472_442.s
      At line 354 in file ..\startup_NUC472_442.s

EADC2_IRQHandler 0000003A

Symbol: EADC2_IRQHandler
   Definitions
      At line 453 in file ..\startup_NUC472_442.s
   Uses
      At line 119 in file ..\startup_NUC472_442.s
      At line 355 in file ..\startup_NUC472_442.s

EADC3_IRQHandler 0000003A

Symbol: EADC3_IRQHandler
   Definitions
      At line 454 in file ..\startup_NUC472_442.s
   Uses
      At line 120 in file ..\startup_NUC472_442.s
      At line 356 in file ..\startup_NUC472_442.s

EINT0_IRQHandler 0000003A

Symbol: EINT0_IRQHandler
   Definitions
      At line 426 in file ..\startup_NUC472_442.s
   Uses
      At line 77 in file ..\startup_NUC472_442.s
      At line 328 in file ..\startup_NUC472_442.s

EINT1_IRQHandler 0000003A

Symbol: EINT1_IRQHandler
   Definitions
      At line 427 in file ..\startup_NUC472_442.s
   Uses
      At line 78 in file ..\startup_NUC472_442.s
      At line 329 in file ..\startup_NUC472_442.s

EINT2_IRQHandler 0000003A

Symbol: EINT2_IRQHandler
   Definitions
      At line 428 in file ..\startup_NUC472_442.s
   Uses
      At line 79 in file ..\startup_NUC472_442.s
      At line 330 in file ..\startup_NUC472_442.s

EINT3_IRQHandler 0000003A

Symbol: EINT3_IRQHandler
   Definitions
      At line 429 in file ..\startup_NUC472_442.s



ARM Macro Assembler    Page 5 Alphabetic symbol ordering
Relocatable symbols

   Uses
      At line 80 in file ..\startup_NUC472_442.s
      At line 331 in file ..\startup_NUC472_442.s

EINT4_IRQHandler 0000003A

Symbol: EINT4_IRQHandler
   Definitions
      At line 430 in file ..\startup_NUC472_442.s
   Uses
      At line 81 in file ..\startup_NUC472_442.s
      At line 332 in file ..\startup_NUC472_442.s

EINT5_IRQHandler 0000003A

Symbol: EINT5_IRQHandler
   Definitions
      At line 431 in file ..\startup_NUC472_442.s
   Uses
      At line 82 in file ..\startup_NUC472_442.s
      At line 333 in file ..\startup_NUC472_442.s

EINT6_IRQHandler 0000003A

Symbol: EINT6_IRQHandler
   Definitions
      At line 432 in file ..\startup_NUC472_442.s
   Uses
      At line 83 in file ..\startup_NUC472_442.s
      At line 334 in file ..\startup_NUC472_442.s

EINT7_IRQHandler 0000003A

Symbol: EINT7_IRQHandler
   Definitions
      At line 433 in file ..\startup_NUC472_442.s
   Uses
      At line 84 in file ..\startup_NUC472_442.s
      At line 335 in file ..\startup_NUC472_442.s

EMAC_RX_IRQHandler 0000003A

Symbol: EMAC_RX_IRQHandler
   Definitions
      At line 484 in file ..\startup_NUC472_442.s
   Uses
      At line 162 in file ..\startup_NUC472_442.s
      At line 386 in file ..\startup_NUC472_442.s

EMAC_TX_IRQHandler 0000003A

Symbol: EMAC_TX_IRQHandler
   Definitions
      At line 483 in file ..\startup_NUC472_442.s
   Uses
      At line 161 in file ..\startup_NUC472_442.s
      At line 385 in file ..\startup_NUC472_442.s

EPWM0BRK_IRQHandler 0000003A



ARM Macro Assembler    Page 6 Alphabetic symbol ordering
Relocatable symbols


Symbol: EPWM0BRK_IRQHandler
   Definitions
      At line 477 in file ..\startup_NUC472_442.s
   Uses
      At line 150 in file ..\startup_NUC472_442.s
      At line 379 in file ..\startup_NUC472_442.s

EPWM0_IRQHandler 0000003A

Symbol: EPWM0_IRQHandler
   Definitions
      At line 476 in file ..\startup_NUC472_442.s
   Uses
      At line 149 in file ..\startup_NUC472_442.s
      At line 378 in file ..\startup_NUC472_442.s

EPWM1BRK_IRQHandler 0000003A

Symbol: EPWM1BRK_IRQHandler
   Definitions
      At line 479 in file ..\startup_NUC472_442.s
   Uses
      At line 152 in file ..\startup_NUC472_442.s
      At line 381 in file ..\startup_NUC472_442.s

EPWM1_IRQHandler 0000003A

Symbol: EPWM1_IRQHandler
   Definitions
      At line 478 in file ..\startup_NUC472_442.s
   Uses
      At line 151 in file ..\startup_NUC472_442.s
      At line 380 in file ..\startup_NUC472_442.s

GPA_IRQHandler 0000003A

Symbol: GPA_IRQHandler
   Definitions
      At line 434 in file ..\startup_NUC472_442.s
   Uses
      At line 85 in file ..\startup_NUC472_442.s
      At line 336 in file ..\startup_NUC472_442.s

GPB_IRQHandler 0000003A

Symbol: GPB_IRQHandler
   Definitions
      At line 435 in file ..\startup_NUC472_442.s
   Uses
      At line 86 in file ..\startup_NUC472_442.s
      At line 337 in file ..\startup_NUC472_442.s

GPC_IRQHandler 0000003A

Symbol: GPC_IRQHandler
   Definitions
      At line 436 in file ..\startup_NUC472_442.s
   Uses



ARM Macro Assembler    Page 7 Alphabetic symbol ordering
Relocatable symbols

      At line 87 in file ..\startup_NUC472_442.s
      At line 338 in file ..\startup_NUC472_442.s

GPD_IRQHandler 0000003A

Symbol: GPD_IRQHandler
   Definitions
      At line 437 in file ..\startup_NUC472_442.s
   Uses
      At line 88 in file ..\startup_NUC472_442.s
      At line 339 in file ..\startup_NUC472_442.s

GPE_IRQHandler 0000003A

Symbol: GPE_IRQHandler
   Definitions
      At line 438 in file ..\startup_NUC472_442.s
   Uses
      At line 89 in file ..\startup_NUC472_442.s
      At line 340 in file ..\startup_NUC472_442.s

GPF_IRQHandler 0000003A

Symbol: GPF_IRQHandler
   Definitions
      At line 439 in file ..\startup_NUC472_442.s
   Uses
      At line 90 in file ..\startup_NUC472_442.s
      At line 341 in file ..\startup_NUC472_442.s

GPG_IRQHandler 0000003A

Symbol: GPG_IRQHandler
   Definitions
      At line 440 in file ..\startup_NUC472_442.s
   Uses
      At line 91 in file ..\startup_NUC472_442.s
      At line 342 in file ..\startup_NUC472_442.s

GPH_IRQHandler 0000003A

Symbol: GPH_IRQHandler
   Definitions
      At line 441 in file ..\startup_NUC472_442.s
   Uses
      At line 92 in file ..\startup_NUC472_442.s
      At line 343 in file ..\startup_NUC472_442.s

GPI_IRQHandler 0000003A

Symbol: GPI_IRQHandler
   Definitions
      At line 442 in file ..\startup_NUC472_442.s
   Uses
      At line 93 in file ..\startup_NUC472_442.s
      At line 344 in file ..\startup_NUC472_442.s

HardFault_Handler 0000002A




ARM Macro Assembler    Page 8 Alphabetic symbol ordering
Relocatable symbols

Symbol: HardFault_Handler
   Definitions
      At line 257 in file ..\startup_NUC472_442.s
   Uses
      At line 54 in file ..\startup_NUC472_442.s
      At line 258 in file ..\startup_NUC472_442.s

I2C0_IRQHandler 0000003A

Symbol: I2C0_IRQHandler
   Definitions
      At line 495 in file ..\startup_NUC472_442.s
   Uses
      At line 181 in file ..\startup_NUC472_442.s
      At line 397 in file ..\startup_NUC472_442.s

I2C1_IRQHandler 0000003A

Symbol: I2C1_IRQHandler
   Definitions
      At line 496 in file ..\startup_NUC472_442.s
   Uses
      At line 182 in file ..\startup_NUC472_442.s
      At line 398 in file ..\startup_NUC472_442.s

I2C2_IRQHandler 0000003A

Symbol: I2C2_IRQHandler
   Definitions
      At line 497 in file ..\startup_NUC472_442.s
   Uses
      At line 183 in file ..\startup_NUC472_442.s
      At line 399 in file ..\startup_NUC472_442.s

I2C3_IRQHandler 0000003A

Symbol: I2C3_IRQHandler
   Definitions
      At line 498 in file ..\startup_NUC472_442.s
   Uses
      At line 184 in file ..\startup_NUC472_442.s
      At line 400 in file ..\startup_NUC472_442.s

I2C4_IRQHandler 0000003A

Symbol: I2C4_IRQHandler
   Definitions
      At line 499 in file ..\startup_NUC472_442.s
   Uses
      At line 185 in file ..\startup_NUC472_442.s
      At line 401 in file ..\startup_NUC472_442.s

I2S0_IRQHandler 0000003A

Symbol: I2S0_IRQHandler
   Definitions
      At line 508 in file ..\startup_NUC472_442.s
   Uses
      At line 201 in file ..\startup_NUC472_442.s



ARM Macro Assembler    Page 9 Alphabetic symbol ordering
Relocatable symbols

      At line 410 in file ..\startup_NUC472_442.s

I2S1_IRQHandler 0000003A

Symbol: I2S1_IRQHandler
   Definitions
      At line 509 in file ..\startup_NUC472_442.s
   Uses
      At line 202 in file ..\startup_NUC472_442.s
      At line 411 in file ..\startup_NUC472_442.s

ICAP0_IRQHandler 0000003A

Symbol: ICAP0_IRQHandler
   Definitions
      At line 458 in file ..\startup_NUC472_442.s
   Uses
      At line 131 in file ..\startup_NUC472_442.s
      At line 360 in file ..\startup_NUC472_442.s

ICAP1_IRQHandler 0000003A

Symbol: ICAP1_IRQHandler
   Definitions
      At line 459 in file ..\startup_NUC472_442.s
   Uses
      At line 132 in file ..\startup_NUC472_442.s
      At line 361 in file ..\startup_NUC472_442.s

IRC_IRQHandler 0000003A

Symbol: IRC_IRQHandler
   Definitions
      At line 420 in file ..\startup_NUC472_442.s
   Uses
      At line 70 in file ..\startup_NUC472_442.s
      At line 322 in file ..\startup_NUC472_442.s

MemManage_Handler 0000002C

Symbol: MemManage_Handler
   Definitions
      At line 285 in file ..\startup_NUC472_442.s
   Uses
      At line 55 in file ..\startup_NUC472_442.s
      At line 286 in file ..\startup_NUC472_442.s

NMI_Handler 00000028

Symbol: NMI_Handler
   Definitions
      At line 252 in file ..\startup_NUC472_442.s
   Uses
      At line 53 in file ..\startup_NUC472_442.s
      At line 253 in file ..\startup_NUC472_442.s

OPA0_IRQHandler 0000003A

Symbol: OPA0_IRQHandler



ARM Macro Assembler    Page 10 Alphabetic symbol ordering
Relocatable symbols

   Definitions
      At line 456 in file ..\startup_NUC472_442.s
   Uses
      At line 129 in file ..\startup_NUC472_442.s
      At line 358 in file ..\startup_NUC472_442.s

OPA1_IRQHandler 0000003A

Symbol: OPA1_IRQHandler
   Definitions
      At line 457 in file ..\startup_NUC472_442.s
   Uses
      At line 130 in file ..\startup_NUC472_442.s
      At line 359 in file ..\startup_NUC472_442.s

PDMA_IRQHandler 0000003A

Symbol: PDMA_IRQHandler
   Definitions
      At line 447 in file ..\startup_NUC472_442.s
   Uses
      At line 109 in file ..\startup_NUC472_442.s
      At line 349 in file ..\startup_NUC472_442.s

PS2D_IRQHandler 0000003A

Symbol: PS2D_IRQHandler
   Definitions
      At line 511 in file ..\startup_NUC472_442.s
   Uses
      At line 207 in file ..\startup_NUC472_442.s
      At line 413 in file ..\startup_NUC472_442.s

PWM0CH0_IRQHandler 0000003A

Symbol: PWM0CH0_IRQHandler
   Definitions
      At line 460 in file ..\startup_NUC472_442.s
   Uses
      At line 133 in file ..\startup_NUC472_442.s
      At line 362 in file ..\startup_NUC472_442.s

PWM0CH1_IRQHandler 0000003A

Symbol: PWM0CH1_IRQHandler
   Definitions
      At line 461 in file ..\startup_NUC472_442.s
   Uses
      At line 134 in file ..\startup_NUC472_442.s
      At line 363 in file ..\startup_NUC472_442.s

PWM0CH2_IRQHandler 0000003A

Symbol: PWM0CH2_IRQHandler
   Definitions
      At line 462 in file ..\startup_NUC472_442.s
   Uses
      At line 135 in file ..\startup_NUC472_442.s
      At line 364 in file ..\startup_NUC472_442.s



ARM Macro Assembler    Page 11 Alphabetic symbol ordering
Relocatable symbols


PWM0CH3_IRQHandler 0000003A

Symbol: PWM0CH3_IRQHandler
   Definitions
      At line 463 in file ..\startup_NUC472_442.s
   Uses
      At line 136 in file ..\startup_NUC472_442.s
      At line 365 in file ..\startup_NUC472_442.s

PWM0CH4_IRQHandler 0000003A

Symbol: PWM0CH4_IRQHandler
   Definitions
      At line 464 in file ..\startup_NUC472_442.s
   Uses
      At line 137 in file ..\startup_NUC472_442.s
      At line 366 in file ..\startup_NUC472_442.s

PWM0CH5_IRQHandler 0000003A

Symbol: PWM0CH5_IRQHandler
   Definitions
      At line 465 in file ..\startup_NUC472_442.s
   Uses
      At line 138 in file ..\startup_NUC472_442.s
      At line 367 in file ..\startup_NUC472_442.s

PWM0_BRK_IRQHandler 0000003A

Symbol: PWM0_BRK_IRQHandler
   Definitions
      At line 466 in file ..\startup_NUC472_442.s
   Uses
      At line 139 in file ..\startup_NUC472_442.s
      At line 368 in file ..\startup_NUC472_442.s

PWM1CH0_IRQHandler 0000003A

Symbol: PWM1CH0_IRQHandler
   Definitions
      At line 468 in file ..\startup_NUC472_442.s
   Uses
      At line 141 in file ..\startup_NUC472_442.s
      At line 370 in file ..\startup_NUC472_442.s

PWM1CH1_IRQHandler 0000003A

Symbol: PWM1CH1_IRQHandler
   Definitions
      At line 469 in file ..\startup_NUC472_442.s
   Uses
      At line 142 in file ..\startup_NUC472_442.s
      At line 371 in file ..\startup_NUC472_442.s

PWM1CH2_IRQHandler 0000003A

Symbol: PWM1CH2_IRQHandler
   Definitions



ARM Macro Assembler    Page 12 Alphabetic symbol ordering
Relocatable symbols

      At line 470 in file ..\startup_NUC472_442.s
   Uses
      At line 143 in file ..\startup_NUC472_442.s
      At line 372 in file ..\startup_NUC472_442.s

PWM1CH3_IRQHandler 0000003A

Symbol: PWM1CH3_IRQHandler
   Definitions
      At line 471 in file ..\startup_NUC472_442.s
   Uses
      At line 144 in file ..\startup_NUC472_442.s
      At line 373 in file ..\startup_NUC472_442.s

PWM1CH4_IRQHandler 0000003A

Symbol: PWM1CH4_IRQHandler
   Definitions
      At line 472 in file ..\startup_NUC472_442.s
   Uses
      At line 145 in file ..\startup_NUC472_442.s
      At line 374 in file ..\startup_NUC472_442.s

PWM1CH5_IRQHandler 0000003A

Symbol: PWM1CH5_IRQHandler
   Definitions
      At line 473 in file ..\startup_NUC472_442.s
   Uses
      At line 146 in file ..\startup_NUC472_442.s
      At line 375 in file ..\startup_NUC472_442.s

PWM1_BRK_IRQHandler 0000003A

Symbol: PWM1_BRK_IRQHandler
   Definitions
      At line 474 in file ..\startup_NUC472_442.s
   Uses
      At line 147 in file ..\startup_NUC472_442.s
      At line 376 in file ..\startup_NUC472_442.s

PWRWU_IRQHandler 0000003A

Symbol: PWRWU_IRQHandler
   Definitions
      At line 421 in file ..\startup_NUC472_442.s
   Uses
      At line 71 in file ..\startup_NUC472_442.s
      At line 323 in file ..\startup_NUC472_442.s

PendSV_Handler 00000036

Symbol: PendSV_Handler
   Definitions
      At line 309 in file ..\startup_NUC472_442.s
   Uses
      At line 65 in file ..\startup_NUC472_442.s
      At line 310 in file ..\startup_NUC472_442.s




ARM Macro Assembler    Page 13 Alphabetic symbol ordering
Relocatable symbols

QEI0_IRQHandler 0000003A

Symbol: QEI0_IRQHandler
   Definitions
      At line 467 in file ..\startup_NUC472_442.s
   Uses
      At line 140 in file ..\startup_NUC472_442.s
      At line 369 in file ..\startup_NUC472_442.s

QEI1_IRQHandler 0000003A

Symbol: QEI1_IRQHandler
   Definitions
      At line 475 in file ..\startup_NUC472_442.s
   Uses
      At line 148 in file ..\startup_NUC472_442.s
      At line 377 in file ..\startup_NUC472_442.s

RTC_IRQHandler 0000003A

Symbol: RTC_IRQHandler
   Definitions
      At line 424 in file ..\startup_NUC472_442.s
   Uses
      At line 75 in file ..\startup_NUC472_442.s
      At line 326 in file ..\startup_NUC472_442.s

Reset_Handler 00000000

Symbol: Reset_Handler
   Definitions
      At line 221 in file ..\startup_NUC472_442.s
   Uses
      At line 52 in file ..\startup_NUC472_442.s
      At line 222 in file ..\startup_NUC472_442.s

SC0_IRQHandler 0000003A

Symbol: SC0_IRQHandler
   Definitions
      At line 500 in file ..\startup_NUC472_442.s
   Uses
      At line 189 in file ..\startup_NUC472_442.s
      At line 402 in file ..\startup_NUC472_442.s

SC1_IRQHandler 0000003A

Symbol: SC1_IRQHandler
   Definitions
      At line 501 in file ..\startup_NUC472_442.s
   Uses
      At line 190 in file ..\startup_NUC472_442.s
      At line 403 in file ..\startup_NUC472_442.s

SC2_IRQHandler 0000003A

Symbol: SC2_IRQHandler
   Definitions
      At line 502 in file ..\startup_NUC472_442.s



ARM Macro Assembler    Page 14 Alphabetic symbol ordering
Relocatable symbols

   Uses
      At line 191 in file ..\startup_NUC472_442.s
      At line 404 in file ..\startup_NUC472_442.s

SC3_IRQHandler 0000003A

Symbol: SC3_IRQHandler
   Definitions
      At line 503 in file ..\startup_NUC472_442.s
   Uses
      At line 192 in file ..\startup_NUC472_442.s
      At line 405 in file ..\startup_NUC472_442.s

SC4_IRQHandler 0000003A

Symbol: SC4_IRQHandler
   Definitions
      At line 504 in file ..\startup_NUC472_442.s
   Uses
      At line 193 in file ..\startup_NUC472_442.s
      At line 406 in file ..\startup_NUC472_442.s

SC5_IRQHandler 0000003A

Symbol: SC5_IRQHandler
   Definitions
      At line 505 in file ..\startup_NUC472_442.s
   Uses
      At line 194 in file ..\startup_NUC472_442.s
      At line 407 in file ..\startup_NUC472_442.s

SD_IRQHandler 0000003A

Symbol: SD_IRQHandler
   Definitions
      At line 510 in file ..\startup_NUC472_442.s
   Uses
      At line 205 in file ..\startup_NUC472_442.s
      At line 412 in file ..\startup_NUC472_442.s

SPI0_IRQHandler 0000003A

Symbol: SPI0_IRQHandler
   Definitions
      At line 485 in file ..\startup_NUC472_442.s
   Uses
      At line 165 in file ..\startup_NUC472_442.s
      At line 387 in file ..\startup_NUC472_442.s

SPI1_IRQHandler 0000003A

Symbol: SPI1_IRQHandler
   Definitions
      At line 486 in file ..\startup_NUC472_442.s
   Uses
      At line 166 in file ..\startup_NUC472_442.s
      At line 388 in file ..\startup_NUC472_442.s

SPI2_IRQHandler 0000003A



ARM Macro Assembler    Page 15 Alphabetic symbol ordering
Relocatable symbols


Symbol: SPI2_IRQHandler
   Definitions
      At line 487 in file ..\startup_NUC472_442.s
   Uses
      At line 167 in file ..\startup_NUC472_442.s
      At line 389 in file ..\startup_NUC472_442.s

SPI3_IRQHandler 0000003A

Symbol: SPI3_IRQHandler
   Definitions
      At line 488 in file ..\startup_NUC472_442.s
   Uses
      At line 168 in file ..\startup_NUC472_442.s
      At line 390 in file ..\startup_NUC472_442.s

SRAMF_IRQHandler 0000003A

Symbol: SRAMF_IRQHandler
   Definitions
      At line 422 in file ..\startup_NUC472_442.s
   Uses
      At line 72 in file ..\startup_NUC472_442.s
      At line 324 in file ..\startup_NUC472_442.s

SVC_Handler 00000032

Symbol: SVC_Handler
   Definitions
      At line 299 in file ..\startup_NUC472_442.s
   Uses
      At line 62 in file ..\startup_NUC472_442.s
      At line 300 in file ..\startup_NUC472_442.s

SysTick_Handler 00000038

Symbol: SysTick_Handler
   Definitions
      At line 314 in file ..\startup_NUC472_442.s
   Uses
      At line 66 in file ..\startup_NUC472_442.s
      At line 315 in file ..\startup_NUC472_442.s

TAMPER_IRQHandler 0000003A

Symbol: TAMPER_IRQHandler
   Definitions
      At line 425 in file ..\startup_NUC472_442.s
   Uses
      At line 76 in file ..\startup_NUC472_442.s
      At line 327 in file ..\startup_NUC472_442.s

TMR0_IRQHandler 0000003A

Symbol: TMR0_IRQHandler
   Definitions
      At line 443 in file ..\startup_NUC472_442.s
   Uses



ARM Macro Assembler    Page 16 Alphabetic symbol ordering
Relocatable symbols

      At line 101 in file ..\startup_NUC472_442.s
      At line 345 in file ..\startup_NUC472_442.s

TMR1_IRQHandler 0000003A

Symbol: TMR1_IRQHandler
   Definitions
      At line 444 in file ..\startup_NUC472_442.s
   Uses
      At line 102 in file ..\startup_NUC472_442.s
      At line 346 in file ..\startup_NUC472_442.s

TMR2_IRQHandler 0000003A

Symbol: TMR2_IRQHandler
   Definitions
      At line 445 in file ..\startup_NUC472_442.s
   Uses
      At line 103 in file ..\startup_NUC472_442.s
      At line 347 in file ..\startup_NUC472_442.s

TMR3_IRQHandler 0000003A

Symbol: TMR3_IRQHandler
   Definitions
      At line 446 in file ..\startup_NUC472_442.s
   Uses
      At line 104 in file ..\startup_NUC472_442.s
      At line 348 in file ..\startup_NUC472_442.s

UART0_IRQHandler 0000003A

Symbol: UART0_IRQHandler
   Definitions
      At line 489 in file ..\startup_NUC472_442.s
   Uses
      At line 173 in file ..\startup_NUC472_442.s
      At line 391 in file ..\startup_NUC472_442.s

UART1_IRQHandler 0000003A

Symbol: UART1_IRQHandler
   Definitions
      At line 490 in file ..\startup_NUC472_442.s
   Uses
      At line 174 in file ..\startup_NUC472_442.s
      At line 392 in file ..\startup_NUC472_442.s

UART2_IRQHandler 0000003A

Symbol: UART2_IRQHandler
   Definitions
      At line 491 in file ..\startup_NUC472_442.s
   Uses
      At line 175 in file ..\startup_NUC472_442.s
      At line 393 in file ..\startup_NUC472_442.s

UART3_IRQHandler 0000003A




ARM Macro Assembler    Page 17 Alphabetic symbol ordering
Relocatable symbols

Symbol: UART3_IRQHandler
   Definitions
      At line 492 in file ..\startup_NUC472_442.s
   Uses
      At line 176 in file ..\startup_NUC472_442.s
      At line 394 in file ..\startup_NUC472_442.s

UART4_IRQHandler 0000003A

Symbol: UART4_IRQHandler
   Definitions
      At line 493 in file ..\startup_NUC472_442.s
   Uses
      At line 177 in file ..\startup_NUC472_442.s
      At line 395 in file ..\startup_NUC472_442.s

UART5_IRQHandler 0000003A

Symbol: UART5_IRQHandler
   Definitions
      At line 494 in file ..\startup_NUC472_442.s
   Uses
      At line 178 in file ..\startup_NUC472_442.s
      At line 396 in file ..\startup_NUC472_442.s

USBD_IRQHandler 0000003A

Symbol: USBD_IRQHandler
   Definitions
      At line 480 in file ..\startup_NUC472_442.s
   Uses
      At line 157 in file ..\startup_NUC472_442.s
      At line 382 in file ..\startup_NUC472_442.s

USBH_IRQHandler 0000003A

Symbol: USBH_IRQHandler
   Definitions
      At line 481 in file ..\startup_NUC472_442.s
   Uses
      At line 158 in file ..\startup_NUC472_442.s
      At line 383 in file ..\startup_NUC472_442.s

USB_OTG_IRQHandler 0000003A

Symbol: USB_OTG_IRQHandler
   Definitions
      At line 482 in file ..\startup_NUC472_442.s
   Uses
      At line 159 in file ..\startup_NUC472_442.s
      At line 384 in file ..\startup_NUC472_442.s

UsageFault_Handler 00000030

Symbol: UsageFault_Handler
   Definitions
      At line 295 in file ..\startup_NUC472_442.s
   Uses
      At line 57 in file ..\startup_NUC472_442.s



ARM Macro Assembler    Page 18 Alphabetic symbol ordering
Relocatable symbols

      At line 296 in file ..\startup_NUC472_442.s

WDT_IRQHandler 0000003A

Symbol: WDT_IRQHandler
   Definitions
      At line 449 in file ..\startup_NUC472_442.s
   Uses
      At line 115 in file ..\startup_NUC472_442.s
      At line 351 in file ..\startup_NUC472_442.s

WWDT_IRQHandler 0000003A

Symbol: WWDT_IRQHandler
   Definitions
      At line 450 in file ..\startup_NUC472_442.s
   Uses
      At line 116 in file ..\startup_NUC472_442.s
      At line 352 in file ..\startup_NUC472_442.s

__user_initial_stackheap 0000003C

Symbol: __user_initial_stackheap
   Definitions
      At line 536 in file ..\startup_NUC472_442.s
   Uses
      At line 534 in file ..\startup_NUC472_442.s
Comment: __user_initial_stackheap used once
110 symbols



ARM Macro Assembler    Page 1 Alphabetic symbol ordering
Absolute symbols

Heap_Size 00001C50

Symbol: Heap_Size
   Definitions
      At line 32 in file ..\startup_NUC472_442.s
   Uses
      At line 36 in file ..\startup_NUC472_442.s
      At line 539 in file ..\startup_NUC472_442.s

Stack_Size 00001000

Symbol: Stack_Size
   Definitions
      At line 20 in file ..\startup_NUC472_442.s
   Uses
      At line 23 in file ..\startup_NUC472_442.s
      At line 538 in file ..\startup_NUC472_442.s

__Vectors_Size 00000278

Symbol: __Vectors_Size
   Definitions
      At line 214 in file ..\startup_NUC472_442.s
   Uses
      At line 49 in file ..\startup_NUC472_442.s
Comment: __Vectors_Size used once
3 symbols



ARM Macro Assembler    Page 1 Alphabetic symbol ordering
External symbols

SystemInit 00000000

Symbol: SystemInit
   Definitions
      At line 223 in file ..\startup_NUC472_442.s
   Uses
      At line 243 in file ..\startup_NUC472_442.s
Comment: SystemInit used once
__main 00000000

Symbol: __main
   Definitions
      At line 224 in file ..\startup_NUC472_442.s
   Uses
      At line 245 in file ..\startup_NUC472_442.s
Comment: __main used once
__use_two_region_memory 00000000

Symbol: __use_two_region_memory
   Definitions
      At line 533 in file ..\startup_NUC472_442.s
   Uses
      None
Comment: __use_two_region_memory unused
3 symbols
459 symbols in table
